/home/chidanand/person_follower_ws/install/person_follower/lib/python3.12/site-packages/person_follower/follower_node.py
/home/chidanand/person_follower_ws/install/person_follower/lib/python3.12/site-packages/person_follower/viewer_node.py
/home/chidanand/person_follower_ws/install/person_follower/lib/python3.12/site-packages/person_follower/camera_node.py
/home/chidanand/person_follower_ws/install/person_follower/lib/python3.12/site-packages/person_follower/detector_node.py
/home/chidanand/person_follower_ws/install/person_follower/lib/python3.12/site-packages/person_follower/__init__.py
/home/chidanand/person_follower_ws/install/person_follower/lib/python3.12/site-packages/person_follower/controller_node.py
/home/chidanand/person_follower_ws/install/person_follower/lib/python3.12/site-packages/person_follower/listener_node.py
/home/chidanand/person_follower_ws/install/person_follower/lib/python3.12/site-packages/person_follower/__pycache__/follower_node.cpython-312.pyc
/home/chidanand/person_follower_ws/install/person_follower/lib/python3.12/site-packages/person_follower/__pycache__/viewer_node.cpython-312.pyc
/home/chidanand/person_follower_ws/install/person_follower/lib/python3.12/site-packages/person_follower/__pycache__/camera_node.cpython-312.pyc
/home/chidanand/person_follower_ws/install/person_follower/lib/python3.12/site-packages/person_follower/__pycache__/detector_node.cpython-312.pyc
/home/chidanand/person_follower_ws/install/person_follower/lib/python3.12/site-packages/person_follower/__pycache__/__init__.cpython-312.pyc
/home/chidanand/person_follower_ws/install/person_follower/lib/python3.12/site-packages/person_follower/__pycache__/controller_node.cpython-312.pyc
/home/chidanand/person_follower_ws/install/person_follower/lib/python3.12/site-packages/person_follower/__pycache__/listener_node.cpython-312.pyc
/home/chidanand/person_follower_ws/install/person_follower/share/ament_index/resource_index/packages/person_follower
/home/chidanand/person_follower_ws/install/person_follower/share/person_follower/package.xml
/home/chidanand/person_follower_ws/install/person_follower/share/person_follower/launch/person_follower_launch.py
/home/chidanand/person_follower_ws/install/person_follower/lib/python3.12/site-packages/person_follower-0.0.0-py3.12.egg-info/top_level.txt
/home/chidanand/person_follower_ws/install/person_follower/lib/python3.12/site-packages/person_follower-0.0.0-py3.12.egg-info/entry_points.txt
/home/chidanand/person_follower_ws/install/person_follower/lib/python3.12/site-packages/person_follower-0.0.0-py3.12.egg-info/zip-safe
/home/chidanand/person_follower_ws/install/person_follower/lib/python3.12/site-packages/person_follower-0.0.0-py3.12.egg-info/dependency_links.txt
/home/chidanand/person_follower_ws/install/person_follower/lib/python3.12/site-packages/person_follower-0.0.0-py3.12.egg-info/SOURCES.txt
/home/chidanand/person_follower_ws/install/person_follower/lib/python3.12/site-packages/person_follower-0.0.0-py3.12.egg-info/PKG-INFO
/home/chidanand/person_follower_ws/install/person_follower/lib/python3.12/site-packages/person_follower-0.0.0-py3.12.egg-info/requires.txt
/home/chidanand/person_follower_ws/install/person_follower/lib/person_follower/camera_node
/home/chidanand/person_follower_ws/install/person_follower/lib/person_follower/controller_node
/home/chidanand/person_follower_ws/install/person_follower/lib/person_follower/detector_node
/home/chidanand/person_follower_ws/install/person_follower/lib/person_follower/follower_node
/home/chidanand/person_follower_ws/install/person_follower/lib/person_follower/listener_node
/home/chidanand/person_follower_ws/install/person_follower/lib/person_follower/viewer_node
